<?xml version="1.0" encoding="utf-8"?><testsuites name="pytest tests"><testsuite name="pytest" errors="0" failures="0" skipped="0" tests="42" time="25.675" timestamp="2026-04-17T00:43:40.553288+00:00" hostname="agent-env-18a7e9cc-5b3e-4a9c-ac3f-91c0b41cf931"><testcase classname="tests.test_hostel_api.TestHealthAndRoot" name="test_api_root" time="0.196" /><testcase classname="tests.test_hostel_api.TestAdminAuth" name="test_admin_login_success" time="0.420" /><testcase classname="tests.test_hostel_api.TestAdminAuth" name="test_admin_login_invalid_password" time="0.349" /><testcase classname="tests.test_hostel_api.TestAdminAuth" name="test_admin_login_invalid_email" time="0.129" /><testcase classname="tests.test_hostel_api.TestAdminAuth" name="test_auth_me_with_token" time="0.480" /><testcase classname="tests.test_hostel_api.TestAdminAuth" name="test_auth_me_without_token" time="0.106" /><testcase classname="tests.test_hostel_api.TestDashboard" name="test_dashboard_stats" time="0.471" /><testcase classname="tests.test_hostel_api.TestDashboard" name="test_dashboard_stats_unauthorized" time="0.205" /><testcase classname="tests.test_hostel_api.TestRooms" name="test_list_rooms" time="0.491" /><testcase classname="tests.test_hostel_api.TestRooms" name="test_create_room" time="0.449" /><testcase classname="tests.test_hostel_api.TestRooms" name="test_create_room_duplicate" time="0.667" /><testcase classname="tests.test_hostel_api.TestRooms" name="test_update_room" time="0.804" /><testcase classname="tests.test_hostel_api.TestRooms" name="test_delete_room_empty" time="0.709" /><testcase classname="tests.test_hostel_api.TestRooms" name="test_delete_room_not_found" time="0.447" /><testcase classname="tests.test_hostel_api.TestApplications" name="test_submit_application_valid" time="0.114" /><testcase classname="tests.test_hostel_api.TestApplications" name="test_submit_application_merit_3_seater" time="0.131" /><testcase classname="tests.test_hostel_api.TestApplications" name="test_submit_application_merit_4_seater" time="0.149" /><testcase classname="tests.test_hostel_api.TestApplications" name="test_submit_application_auto_reject_backlogs" time="0.128" /><testcase classname="tests.test_hostel_api.TestApplications" name="test_submit_application_invalid_percentage_high" time="0.108" /><testcase classname="tests.test_hostel_api.TestApplications" name="test_submit_application_invalid_percentage_negative" time="0.119" /><testcase classname="tests.test_hostel_api.TestApplications" name="test_submit_application_duplicate_email" time="0.273" /><testcase classname="tests.test_hostel_api.TestApplications" name="test_check_application_status" time="0.225" /><testcase classname="tests.test_hostel_api.TestApplications" name="test_list_applications_admin" time="0.691" /><testcase classname="tests.test_hostel_api.TestApplicationApproval" name="test_approve_application_creates_student" time="1.214" /><testcase classname="tests.test_hostel_api.TestApplicationApproval" name="test_approve_with_override_room_type" time="0.855" /><testcase classname="tests.test_hostel_api.TestApplicationApproval" name="test_reject_application" time="0.621" /><testcase classname="tests.test_hostel_api.TestStudentAuth" name="test_student_login_with_approved_credentials" time="1.914" /><testcase classname="tests.test_hostel_api.TestStudentAuth" name="test_student_me_endpoint" time="1.248" /><testcase classname="tests.test_hostel_api.TestStudentsCRUD" name="test_list_students" time="0.455" /><testcase classname="tests.test_hostel_api.TestStudentsCRUD" name="test_create_student_admin" time="0.466" /><testcase classname="tests.test_hostel_api.TestStudentsCRUD" name="test_delete_student_deallocates_bed" time="0.803" /><testcase classname="tests.test_hostel_api.TestComplaints" name="test_create_complaint_student" time="1.352" /><testcase classname="tests.test_hostel_api.TestComplaints" name="test_list_complaints_admin" time="1.592" /><testcase classname="tests.test_hostel_api.TestComplaints" name="test_my_complaints_student" time="1.426" /><testcase classname="tests.test_hostel_api.TestComplaints" name="test_update_complaint_status" time="1.542" /><testcase classname="tests.test_hostel_api.TestPayments" name="test_record_payment" time="0.668" /><testcase classname="tests.test_hostel_api.TestPayments" name="test_list_payments" time="0.456" /><testcase classname="tests.test_hostel_api.TestCSVExports" name="test_export_students_csv" time="0.521" /><testcase classname="tests.test_hostel_api.TestCSVExports" name="test_export_applications_csv" time="0.476" /><testcase classname="tests.test_hostel_api.TestCSVExports" name="test_export_payments_csv" time="0.479" /><testcase classname="tests.test_hostel_api.TestRoomAllocationLogic" name="test_room_allocation_increments_occupied_beds" time="0.704" /><testcase classname="tests.test_hostel_api.TestDeleteRoomWithStudents" name="test_delete_occupied_room_blocked" time="0.830" /></testsuite></testsuites>