<?xml version="1.0" encoding="utf-8"?><testsuites name="pytest tests"><testsuite name="pytest" errors="0" failures="0" skipped="0" tests="22" time="11.649" timestamp="2026-04-17T00:57:11.252020+00:00" hostname="agent-env-18a7e9cc-5b3e-4a9c-ac3f-91c0b41cf931"><testcase classname="backend.tests.test_iteration2_integrations.TestPaymentsConfig" name="test_payments_config_returns_expected_fields" time="0.261" /><testcase classname="backend.tests.test_iteration2_integrations.TestFeesPaymentEndpoints" name="test_create_fees_order_returns_503_when_razorpay_not_configured" time="1.316" /><testcase classname="backend.tests.test_iteration2_integrations.TestFeesPaymentEndpoints" name="test_create_fees_order_returns_401_without_auth" time="0.125" /><testcase classname="backend.tests.test_iteration2_integrations.TestFeesPaymentEndpoints" name="test_create_fees_order_returns_403_for_admin" time="0.518" /><testcase classname="backend.tests.test_iteration2_integrations.TestFeesPaymentEndpoints" name="test_verify_fees_payment_returns_401_without_auth" time="0.119" /><testcase classname="backend.tests.test_iteration2_integrations.TestFeesPaymentEndpoints" name="test_verify_fees_payment_endpoint_exists" time="1.306" /><testcase classname="backend.tests.test_iteration2_integrations.TestWaitlistEndpoints" name="test_waitlist_create_order_returns_404_for_nonexistent_application" time="0.131" /><testcase classname="backend.tests.test_iteration2_integrations.TestWaitlistEndpoints" name="test_waitlist_create_order_returns_503_when_razorpay_not_configured" time="0.233" /><testcase classname="backend.tests.test_iteration2_integrations.TestWaitlistEndpoints" name="test_waitlist_create_order_returns_400_for_non_pending_application" time="0.935" /><testcase classname="backend.tests.test_iteration2_integrations.TestWaitlistEndpoints" name="test_waitlist_verify_endpoint_exists" time="0.104" /><testcase classname="backend.tests.test_iteration2_integrations.TestGoogleOAuthEndpoint" name="test_google_session_returns_400_without_session_id" time="0.134" /><testcase classname="backend.tests.test_iteration2_integrations.TestGoogleOAuthEndpoint" name="test_google_session_returns_401_for_invalid_session_id" time="0.258" /><testcase classname="backend.tests.test_iteration2_integrations.TestGoogleOAuthEndpoint" name="test_google_session_endpoint_exists" time="0.216" /><testcase classname="backend.tests.test_iteration2_integrations.TestRegressionAdminLogin" name="test_admin_login_success" time="0.330" /><testcase classname="backend.tests.test_iteration2_integrations.TestRegressionApplicationWorkflow" name="test_application_submit_approve_student_login" time="1.162" /><testcase classname="backend.tests.test_iteration2_integrations.TestRegressionApplicationWorkflow" name="test_auto_reject_backlogs_still_works" time="0.103" /><testcase classname="backend.tests.test_iteration2_integrations.TestRegressionRoomAllocation" name="test_room_allocation_increments_beds" time="0.706" /><testcase classname="backend.tests.test_iteration2_integrations.TestRegressionComplaintsCRUD" name="test_complaints_crud" time="1.543" /><testcase classname="backend.tests.test_iteration2_integrations.TestRegressionCSVExport" name="test_export_students_csv" time="0.472" /><testcase classname="backend.tests.test_iteration2_integrations.TestRegressionCSVExport" name="test_export_applications_csv" time="0.475" /><testcase classname="backend.tests.test_iteration2_integrations.TestRegressionCSVExport" name="test_export_payments_csv" time="0.604" /><testcase classname="backend.tests.test_iteration2_integrations.TestRegressionDashboardStats" name="test_dashboard_stats" time="0.490" /></testsuite></testsuites>