<?xml version="1.0" encoding="utf-8"?><testsuites name="pytest tests"><testsuite name="pytest" errors="0" failures="0" skipped="0" tests="30" time="16.161" timestamp="2026-04-17T01:16:00.799765+00:00" hostname="agent-env-18a7e9cc-5b3e-4a9c-ac3f-91c0b41cf931"><testcase classname="backend.tests.test_iteration3_signup_first_flow.TestStudentRegistration" name="test_register_student_success" time="0.511" /><testcase classname="backend.tests.test_iteration3_signup_first_flow.TestStudentRegistration" name="test_register_student_password_too_short" time="0.117" /><testcase classname="backend.tests.test_iteration3_signup_first_flow.TestStudentRegistration" name="test_register_student_invalid_phone" time="0.127" /><testcase classname="backend.tests.test_iteration3_signup_first_flow.TestStudentRegistration" name="test_register_student_duplicate_email" time="0.512" /><testcase classname="backend.tests.test_iteration3_signup_first_flow.TestStudentRegistration" name="test_register_student_duplicate_phone" time="0.507" /><testcase classname="backend.tests.test_iteration3_signup_first_flow.TestStudentLogin" name="test_login_with_email" time="0.832" /><testcase classname="backend.tests.test_iteration3_signup_first_flow.TestStudentLogin" name="test_login_with_phone" time="0.723" /><testcase classname="backend.tests.test_iteration3_signup_first_flow.TestStudentLogin" name="test_login_wrong_password" time="0.701" /><testcase classname="backend.tests.test_iteration3_signup_first_flow.TestStudentLogin" name="test_login_nonexistent_user" time="0.106" /><testcase classname="backend.tests.test_iteration3_signup_first_flow.TestApplicationRequiresAuth" name="test_application_without_auth_returns_401" time="0.117" /><testcase classname="backend.tests.test_iteration3_signup_first_flow.TestApplicationRequiresAuth" name="test_application_with_admin_returns_403" time="0.494" /><testcase classname="backend.tests.test_iteration3_signup_first_flow.TestApplicationWithStudentAuth" name="test_application_with_student_auth_success" time="0.488" /><testcase classname="backend.tests.test_iteration3_signup_first_flow.TestApplicationWithStudentAuth" name="test_application_payload_only_needs_academic_fields" time="0.508" /><testcase classname="backend.tests.test_iteration3_signup_first_flow.TestApplicationWithStudentAuth" name="test_application_auto_reject_backlogs" time="0.508" /><testcase classname="backend.tests.test_iteration3_signup_first_flow.TestDuplicateApplicationPrevention" name="test_duplicate_active_application_blocked" time="0.611" /><testcase classname="backend.tests.test_iteration3_signup_first_flow.TestApplicationsMe" name="test_applications_me_requires_auth" time="0.117" /><testcase classname="backend.tests.test_iteration3_signup_first_flow.TestApplicationsMe" name="test_applications_me_returns_null_if_not_applied" time="0.467" /><testcase classname="backend.tests.test_iteration3_signup_first_flow.TestApplicationsMe" name="test_applications_me_returns_latest_application" time="0.614" /><testcase classname="backend.tests.test_iteration3_signup_first_flow.TestAdminApproveReusesExistingUser" name="test_approve_reuses_existing_user_no_new_password" time="1.254" /><testcase classname="backend.tests.test_iteration3_signup_first_flow.TestEndToEndSignupApplyApproveLogin" name="test_full_e2e_flow" time="1.420" /><testcase classname="backend.tests.test_iteration3_signup_first_flow.TestLegacyRegressionAdminLogin" name="test_admin_login_success" time="0.344" /><testcase classname="backend.tests.test_iteration3_signup_first_flow.TestLegacyRegressionRoomsCRUD" name="test_list_rooms" time="0.520" /><testcase classname="backend.tests.test_iteration3_signup_first_flow.TestLegacyRegressionRoomsCRUD" name="test_create_and_delete_room" time="0.569" /><testcase classname="backend.tests.test_iteration3_signup_first_flow.TestLegacyRegressionComplaints" name="test_complaints_crud" time="1.745" /><testcase classname="backend.tests.test_iteration3_signup_first_flow.TestLegacyRegressionCSVExports" name="test_export_students_csv" time="0.455" /><testcase classname="backend.tests.test_iteration3_signup_first_flow.TestLegacyRegressionCSVExports" name="test_export_applications_csv" time="0.452" /><testcase classname="backend.tests.test_iteration3_signup_first_flow.TestLegacyRegressionCSVExports" name="test_export_payments_csv" time="0.547" /><testcase classname="backend.tests.test_iteration3_signup_first_flow.TestLegacyRegressionDashboardStats" name="test_dashboard_stats" time="0.456" /><testcase classname="backend.tests.test_iteration3_signup_first_flow.TestPaymentsConfig" name="test_payments_config_disabled" time="0.111" /><testcase classname="backend.tests.test_iteration3_signup_first_flow.TestWaitlistRequiresApplication" name="test_waitlist_requires_pending_application" time="0.106" /></testsuite></testsuites>